{"F:\\gitkirillfilonchuk\\nodejs-homework-rest-api\\app.js": {"path":"F:\\gitkirillfilonchuk\\nodejs-homework-rest-api\\app.js","statementMap":{"0":{"start":{"line":1,"column":16},"end":{"line":1,"column":34}},"1":{"start":{"line":2,"column":15},"end":{"line":2,"column":32}},"2":{"start":{"line":3,"column":13},"end":{"line":3,"column":28}},"3":{"start":{"line":5,"column":23},"end":{"line":5,"column":55}},"4":{"start":{"line":6,"column":20},"end":{"line":6,"column":49}},"5":{"start":{"line":8,"column":12},"end":{"line":8,"column":21}},"6":{"start":{"line":10,"column":22},"end":{"line":10,"column":72}},"7":{"start":{"line":12,"column":0},"end":{"line":12,"column":31}},"8":{"start":{"line":13,"column":0},"end":{"line":13,"column":16}},"9":{"start":{"line":14,"column":0},"end":{"line":14,"column":24}},"10":{"start":{"line":15,"column":0},"end":{"line":15,"column":34}},"11":{"start":{"line":17,"column":0},"end":{"line":17,"column":35}},"12":{"start":{"line":18,"column":0},"end":{"line":18,"column":41}},"13":{"start":{"line":22,"column":0},"end":{"line":25,"column":3}},"14":{"start":{"line":23,"column":53},"end":{"line":23,"column":56}},"15":{"start":{"line":24,"column":2},"end":{"line":24,"column":39}},"16":{"start":{"line":27,"column":0},"end":{"line":27,"column":21}}},"fnMap":{"0":{"name":"(anonymous_0)","decl":{"start":{"line":22,"column":8},"end":{"line":22,"column":9}},"loc":{"start":{"line":22,"column":33},"end":{"line":25,"column":1}},"line":22}},"branchMap":{"0":{"loc":{"start":{"line":10,"column":22},"end":{"line":10,"column":72}},"type":"cond-expr","locations":[{"start":{"line":10,"column":57},"end":{"line":10,"column":62}},{"start":{"line":10,"column":65},"end":{"line":10,"column":72}}],"line":10},"1":{"loc":{"start":{"line":23,"column":10},"end":{"line":23,"column":22}},"type":"default-arg","locations":[{"start":{"line":23,"column":19},"end":{"line":23,"column":22}}],"line":23},"2":{"loc":{"start":{"line":23,"column":24},"end":{"line":23,"column":48}},"type":"default-arg","locations":[{"start":{"line":23,"column":34},"end":{"line":23,"column":48}}],"line":23}},"s":{"0":1,"1":1,"2":1,"3":1,"4":1,"5":1,"6":1,"7":1,"8":1,"9":1,"10":1,"11":1,"12":1,"13":1,"14":0,"15":0,"16":1},"f":{"0":0},"b":{"0":[0,1],"1":[0],"2":[0]},"_coverageSchema":"1a1c01bbd47fc00a2c39e90264f33305004495a9","hash":"7e2134fecec5dc934cf1d9a0bae8be730c2e910b"}
,"F:\\gitkirillfilonchuk\\nodejs-homework-rest-api\\controllers\\index.js": {"path":"F:\\gitkirillfilonchuk\\nodejs-homework-rest-api\\controllers\\index.js","statementMap":{"0":{"start":{"line":1,"column":17},"end":{"line":1,"column":38}},"1":{"start":{"line":2,"column":13},"end":{"line":2,"column":30}},"2":{"start":{"line":3,"column":14},"end":{"line":3,"column":32}},"3":{"start":{"line":5,"column":0},"end":{"line":9,"column":2}}},"fnMap":{},"branchMap":{},"s":{"0":1,"1":1,"2":1,"3":1},"f":{},"b":{},"_coverageSchema":"1a1c01bbd47fc00a2c39e90264f33305004495a9","hash":"987aa59a0614361f664e8cad68f29081bfe4f9f4"}
,"F:\\gitkirillfilonchuk\\nodejs-homework-rest-api\\controllers\\auth\\index.js": {"path":"F:\\gitkirillfilonchuk\\nodejs-homework-rest-api\\controllers\\auth\\index.js","statementMap":{"0":{"start":{"line":1,"column":17},"end":{"line":1,"column":38}},"1":{"start":{"line":2,"column":14},"end":{"line":2,"column":32}},"2":{"start":{"line":3,"column":15},"end":{"line":3,"column":37}},"3":{"start":{"line":4,"column":0},"end":{"line":8,"column":2}}},"fnMap":{},"branchMap":{},"s":{"0":1,"1":1,"2":1,"3":1},"f":{},"b":{},"_coverageSchema":"1a1c01bbd47fc00a2c39e90264f33305004495a9","hash":"020e225b693d0735d39d56bcbc470768887813cc"}
,"F:\\gitkirillfilonchuk\\nodejs-homework-rest-api\\controllers\\auth\\login.js": {"path":"F:\\gitkirillfilonchuk\\nodejs-homework-rest-api\\controllers\\auth\\login.js","statementMap":{"0":{"start":{"line":2,"column":12},"end":{"line":2,"column":35}},"1":{"start":{"line":3,"column":23},"end":{"line":3,"column":34}},"2":{"start":{"line":4,"column":17},"end":{"line":4,"column":45}},"3":{"start":{"line":5,"column":22},"end":{"line":5,"column":46}},"4":{"start":{"line":7,"column":14},"end":{"line":39,"column":1}},"5":{"start":{"line":8,"column":30},"end":{"line":8,"column":38}},"6":{"start":{"line":9,"column":15},"end":{"line":9,"column":44}},"7":{"start":{"line":10,"column":2},"end":{"line":10,"column":46}},"8":{"start":{"line":11,"column":2},"end":{"line":13,"column":3}},"9":{"start":{"line":12,"column":4},"end":{"line":12,"column":69}},"10":{"start":{"line":23,"column":18},"end":{"line":25,"column":3}},"11":{"start":{"line":27,"column":16},"end":{"line":27,"column":66}},"12":{"start":{"line":28,"column":2},"end":{"line":28,"column":52}},"13":{"start":{"line":29,"column":2},"end":{"line":38,"column":5}},"14":{"start":{"line":41,"column":0},"end":{"line":41,"column":23}}},"fnMap":{"0":{"name":"(anonymous_0)","decl":{"start":{"line":7,"column":14},"end":{"line":7,"column":15}},"loc":{"start":{"line":7,"column":34},"end":{"line":39,"column":1}},"line":7}},"branchMap":{"0":{"loc":{"start":{"line":11,"column":2},"end":{"line":13,"column":3}},"type":"if","locations":[{"start":{"line":11,"column":2},"end":{"line":13,"column":3}},{"start":{},"end":{}}],"line":11},"1":{"loc":{"start":{"line":11,"column":6},"end":{"line":11,"column":46}},"type":"binary-expr","locations":[{"start":{"line":11,"column":6},"end":{"line":11,"column":11}},{"start":{"line":11,"column":15},"end":{"line":11,"column":46}}],"line":11}},"s":{"0":1,"1":1,"2":1,"3":1,"4":1,"5":1,"6":1,"7":1,"8":1,"9":0,"10":1,"11":1,"12":1,"13":1,"14":1},"f":{"0":1},"b":{"0":[0,1],"1":[1,1]},"_coverageSchema":"1a1c01bbd47fc00a2c39e90264f33305004495a9","hash":"cb806b8f8397deb256107a7edd0c06d99faa6f89"}
,"F:\\gitkirillfilonchuk\\nodejs-homework-rest-api\\controllers\\auth\\logout.js": {"path":"F:\\gitkirillfilonchuk\\nodejs-homework-rest-api\\controllers\\auth\\logout.js","statementMap":{"0":{"start":{"line":1,"column":17},"end":{"line":1,"column":45}},"1":{"start":{"line":3,"column":15},"end":{"line":9,"column":1}},"2":{"start":{"line":4,"column":18},"end":{"line":4,"column":26}},"3":{"start":{"line":5,"column":2},"end":{"line":5,"column":36}},"4":{"start":{"line":6,"column":2},"end":{"line":6,"column":68}},"5":{"start":{"line":8,"column":2},"end":{"line":8,"column":25}},"6":{"start":{"line":11,"column":0},"end":{"line":11,"column":24}}},"fnMap":{"0":{"name":"(anonymous_0)","decl":{"start":{"line":3,"column":15},"end":{"line":3,"column":16}},"loc":{"start":{"line":3,"column":35},"end":{"line":9,"column":1}},"line":3}},"branchMap":{},"s":{"0":1,"1":1,"2":0,"3":0,"4":0,"5":0,"6":1},"f":{"0":0},"b":{},"_coverageSchema":"1a1c01bbd47fc00a2c39e90264f33305004495a9","hash":"60aaf7a8f06e96b7a2f4b8e7227d5984f4b75577"}
,"F:\\gitkirillfilonchuk\\nodejs-homework-rest-api\\controllers\\auth\\register.js": {"path":"F:\\gitkirillfilonchuk\\nodejs-homework-rest-api\\controllers\\auth\\register.js","statementMap":{"0":{"start":{"line":2,"column":17},"end":{"line":2,"column":36}},"1":{"start":{"line":4,"column":17},"end":{"line":4,"column":45}},"2":{"start":{"line":5,"column":22},"end":{"line":5,"column":46}},"3":{"start":{"line":7,"column":17},"end":{"line":42,"column":1}},"4":{"start":{"line":8,"column":56},"end":{"line":8,"column":64}},"5":{"start":{"line":9,"column":15},"end":{"line":9,"column":44}},"6":{"start":{"line":10,"column":2},"end":{"line":12,"column":3}},"7":{"start":{"line":11,"column":4},"end":{"line":11,"column":51}},"8":{"start":{"line":14,"column":26},"end":{"line":17,"column":3}},"9":{"start":{"line":18,"column":20},"end":{"line":18,"column":56}},"10":{"start":{"line":20,"column":18},"end":{"line":20,"column":62}},"11":{"start":{"line":21,"column":2},"end":{"line":21,"column":32}},"12":{"start":{"line":22,"column":2},"end":{"line":22,"column":17}},"13":{"start":{"line":30,"column":2},"end":{"line":41,"column":5}},"14":{"start":{"line":44,"column":0},"end":{"line":44,"column":26}}},"fnMap":{"0":{"name":"(anonymous_0)","decl":{"start":{"line":7,"column":17},"end":{"line":7,"column":18}},"loc":{"start":{"line":7,"column":37},"end":{"line":42,"column":1}},"line":7}},"branchMap":{"0":{"loc":{"start":{"line":8,"column":17},"end":{"line":8,"column":41}},"type":"default-arg","locations":[{"start":{"line":8,"column":32},"end":{"line":8,"column":41}}],"line":8},"1":{"loc":{"start":{"line":10,"column":2},"end":{"line":12,"column":3}},"type":"if","locations":[{"start":{"line":10,"column":2},"end":{"line":12,"column":3}},{"start":{},"end":{}}],"line":10}},"s":{"0":1,"1":1,"2":1,"3":1,"4":1,"5":1,"6":1,"7":0,"8":1,"9":1,"10":1,"11":1,"12":1,"13":1,"14":1},"f":{"0":1},"b":{"0":[1],"1":[0,1]},"_coverageSchema":"1a1c01bbd47fc00a2c39e90264f33305004495a9","hash":"b8f3fcd8798a6db58cd50dd18e85579de71f63c9"}
,"F:\\gitkirillfilonchuk\\nodejs-homework-rest-api\\controllers\\contacts\\add.js": {"path":"F:\\gitkirillfilonchuk\\nodejs-homework-rest-api\\controllers\\contacts\\add.js","statementMap":{"0":{"start":{"line":1,"column":20},"end":{"line":1,"column":51}},"1":{"start":{"line":2,"column":22},"end":{"line":2,"column":46}},"2":{"start":{"line":3,"column":12},"end":{"line":15,"column":1}},"3":{"start":{"line":4,"column":18},"end":{"line":4,"column":26}},"4":{"start":{"line":5,"column":20},"end":{"line":5,"column":28}},"5":{"start":{"line":6,"column":27},"end":{"line":8,"column":4}},"6":{"start":{"line":9,"column":2},"end":{"line":9,"column":52}},"7":{"start":{"line":10,"column":2},"end":{"line":12,"column":3}},"8":{"start":{"line":11,"column":4},"end":{"line":11,"column":72}},"9":{"start":{"line":13,"column":17},"end":{"line":13,"column":66}},"10":{"start":{"line":14,"column":2},"end":{"line":14,"column":31}},"11":{"start":{"line":17,"column":0},"end":{"line":17,"column":21}}},"fnMap":{"0":{"name":"(anonymous_0)","decl":{"start":{"line":3,"column":12},"end":{"line":3,"column":13}},"loc":{"start":{"line":3,"column":38},"end":{"line":15,"column":1}},"line":3}},"branchMap":{"0":{"loc":{"start":{"line":10,"column":2},"end":{"line":12,"column":3}},"type":"if","locations":[{"start":{"line":10,"column":2},"end":{"line":12,"column":3}},{"start":{},"end":{}}],"line":10}},"s":{"0":1,"1":1,"2":1,"3":0,"4":0,"5":0,"6":0,"7":0,"8":0,"9":0,"10":0,"11":1},"f":{"0":0},"b":{"0":[0,0]},"_coverageSchema":"1a1c01bbd47fc00a2c39e90264f33305004495a9","hash":"cbe1d059afacdebaf26306423dcb69370cf0e7d3"}
,"F:\\gitkirillfilonchuk\\nodejs-homework-rest-api\\controllers\\contacts\\getAll.js": {"path":"F:\\gitkirillfilonchuk\\nodejs-homework-rest-api\\controllers\\contacts\\getAll.js","statementMap":{"0":{"start":{"line":1,"column":20},"end":{"line":1,"column":51}},"1":{"start":{"line":3,"column":15},"end":{"line":17,"column":1}},"2":{"start":{"line":4,"column":2},"end":{"line":4,"column":36}},"3":{"start":{"line":5,"column":2},"end":{"line":5,"column":38}},"4":{"start":{"line":6,"column":51},"end":{"line":6,"column":60}},"5":{"start":{"line":7,"column":15},"end":{"line":7,"column":33}},"6":{"start":{"line":8,"column":18},"end":{"line":8,"column":26}},"7":{"start":{"line":9,"column":17},"end":{"line":15,"column":4}},"8":{"start":{"line":16,"column":2},"end":{"line":16,"column":19}},"9":{"start":{"line":19,"column":0},"end":{"line":19,"column":24}}},"fnMap":{"0":{"name":"(anonymous_0)","decl":{"start":{"line":3,"column":15},"end":{"line":3,"column":16}},"loc":{"start":{"line":3,"column":41},"end":{"line":17,"column":1}},"line":3}},"branchMap":{"0":{"loc":{"start":{"line":6,"column":10},"end":{"line":6,"column":18}},"type":"default-arg","locations":[{"start":{"line":6,"column":17},"end":{"line":6,"column":18}}],"line":6},"1":{"loc":{"start":{"line":6,"column":20},"end":{"line":6,"column":29}},"type":"default-arg","locations":[{"start":{"line":6,"column":28},"end":{"line":6,"column":29}}],"line":6},"2":{"loc":{"start":{"line":6,"column":31},"end":{"line":6,"column":46}},"type":"default-arg","locations":[{"start":{"line":6,"column":42},"end":{"line":6,"column":46}}],"line":6}},"s":{"0":1,"1":1,"2":0,"3":0,"4":0,"5":0,"6":0,"7":0,"8":0,"9":1},"f":{"0":0},"b":{"0":[0],"1":[0],"2":[0]},"_coverageSchema":"1a1c01bbd47fc00a2c39e90264f33305004495a9","hash":"2212b9080db8d6056a6c711d1ceac4710d9a755c"}
,"F:\\gitkirillfilonchuk\\nodejs-homework-rest-api\\controllers\\contacts\\getById.js": {"path":"F:\\gitkirillfilonchuk\\nodejs-homework-rest-api\\controllers\\contacts\\getById.js","statementMap":{"0":{"start":{"line":1,"column":20},"end":{"line":1,"column":51}},"1":{"start":{"line":2,"column":22},"end":{"line":2,"column":46}},"2":{"start":{"line":4,"column":16},"end":{"line":11,"column":1}},"3":{"start":{"line":5,"column":24},"end":{"line":5,"column":34}},"4":{"start":{"line":6,"column":17},"end":{"line":6,"column":50}},"5":{"start":{"line":7,"column":2},"end":{"line":9,"column":3}},"6":{"start":{"line":8,"column":4},"end":{"line":8,"column":74}},"7":{"start":{"line":10,"column":2},"end":{"line":10,"column":19}},"8":{"start":{"line":13,"column":0},"end":{"line":13,"column":25}}},"fnMap":{"0":{"name":"(anonymous_0)","decl":{"start":{"line":4,"column":16},"end":{"line":4,"column":17}},"loc":{"start":{"line":4,"column":42},"end":{"line":11,"column":1}},"line":4}},"branchMap":{"0":{"loc":{"start":{"line":7,"column":2},"end":{"line":9,"column":3}},"type":"if","locations":[{"start":{"line":7,"column":2},"end":{"line":9,"column":3}},{"start":{},"end":{}}],"line":7}},"s":{"0":1,"1":1,"2":1,"3":0,"4":0,"5":0,"6":0,"7":0,"8":1},"f":{"0":0},"b":{"0":[0,0]},"_coverageSchema":"1a1c01bbd47fc00a2c39e90264f33305004495a9","hash":"2737a7974d6df95605e46f1efe90000a225d03b1"}
,"F:\\gitkirillfilonchuk\\nodejs-homework-rest-api\\controllers\\contacts\\index.js": {"path":"F:\\gitkirillfilonchuk\\nodejs-homework-rest-api\\controllers\\contacts\\index.js","statementMap":{"0":{"start":{"line":1,"column":15},"end":{"line":1,"column":34}},"1":{"start":{"line":2,"column":16},"end":{"line":2,"column":36}},"2":{"start":{"line":3,"column":12},"end":{"line":3,"column":28}},"3":{"start":{"line":4,"column":19},"end":{"line":4,"column":45}},"4":{"start":{"line":5,"column":23},"end":{"line":5,"column":50}},"5":{"start":{"line":6,"column":19},"end":{"line":6,"column":42}},"6":{"start":{"line":8,"column":0},"end":{"line":15,"column":2}}},"fnMap":{},"branchMap":{},"s":{"0":1,"1":1,"2":1,"3":1,"4":1,"5":1,"6":1},"f":{},"b":{},"_coverageSchema":"1a1c01bbd47fc00a2c39e90264f33305004495a9","hash":"c506e19c98a24a62f6ff0c667eaf5b4de3160e3b"}
,"F:\\gitkirillfilonchuk\\nodejs-homework-rest-api\\controllers\\contacts\\removeById.js": {"path":"F:\\gitkirillfilonchuk\\nodejs-homework-rest-api\\controllers\\contacts\\removeById.js","statementMap":{"0":{"start":{"line":1,"column":20},"end":{"line":1,"column":51}},"1":{"start":{"line":2,"column":22},"end":{"line":2,"column":46}},"2":{"start":{"line":4,"column":19},"end":{"line":11,"column":1}},"3":{"start":{"line":5,"column":24},"end":{"line":5,"column":34}},"4":{"start":{"line":6,"column":17},"end":{"line":6,"column":59}},"5":{"start":{"line":7,"column":2},"end":{"line":9,"column":3}},"6":{"start":{"line":8,"column":4},"end":{"line":8,"column":74}},"7":{"start":{"line":10,"column":2},"end":{"line":10,"column":31}},"8":{"start":{"line":13,"column":0},"end":{"line":13,"column":28}}},"fnMap":{"0":{"name":"(anonymous_0)","decl":{"start":{"line":4,"column":19},"end":{"line":4,"column":20}},"loc":{"start":{"line":4,"column":45},"end":{"line":11,"column":1}},"line":4}},"branchMap":{"0":{"loc":{"start":{"line":7,"column":2},"end":{"line":9,"column":3}},"type":"if","locations":[{"start":{"line":7,"column":2},"end":{"line":9,"column":3}},{"start":{},"end":{}}],"line":7}},"s":{"0":1,"1":1,"2":1,"3":0,"4":0,"5":0,"6":0,"7":0,"8":1},"f":{"0":0},"b":{"0":[0,0]},"_coverageSchema":"1a1c01bbd47fc00a2c39e90264f33305004495a9","hash":"4f737663f7e9e64b5fcd4be740a2a626d31a3146"}
,"F:\\gitkirillfilonchuk\\nodejs-homework-rest-api\\controllers\\contacts\\updateById.js": {"path":"F:\\gitkirillfilonchuk\\nodejs-homework-rest-api\\controllers\\contacts\\updateById.js","statementMap":{"0":{"start":{"line":1,"column":20},"end":{"line":1,"column":51}},"1":{"start":{"line":2,"column":22},"end":{"line":2,"column":46}},"2":{"start":{"line":4,"column":19},"end":{"line":14,"column":1}},"3":{"start":{"line":5,"column":24},"end":{"line":5,"column":34}},"4":{"start":{"line":6,"column":17},"end":{"line":8,"column":4}},"5":{"start":{"line":9,"column":2},"end":{"line":11,"column":3}},"6":{"start":{"line":10,"column":4},"end":{"line":10,"column":38}},"7":{"start":{"line":13,"column":2},"end":{"line":13,"column":19}},"8":{"start":{"line":16,"column":0},"end":{"line":16,"column":28}}},"fnMap":{"0":{"name":"(anonymous_0)","decl":{"start":{"line":4,"column":19},"end":{"line":4,"column":20}},"loc":{"start":{"line":4,"column":45},"end":{"line":14,"column":1}},"line":4}},"branchMap":{"0":{"loc":{"start":{"line":9,"column":2},"end":{"line":11,"column":3}},"type":"if","locations":[{"start":{"line":9,"column":2},"end":{"line":11,"column":3}},{"start":{},"end":{}}],"line":9}},"s":{"0":1,"1":1,"2":1,"3":0,"4":0,"5":0,"6":0,"7":0,"8":1},"f":{"0":0},"b":{"0":[0,0]},"_coverageSchema":"1a1c01bbd47fc00a2c39e90264f33305004495a9","hash":"4a1ce012697a030c7a86b40c0ab9630671f11d11"}
,"F:\\gitkirillfilonchuk\\nodejs-homework-rest-api\\controllers\\contacts\\updateFavorite.js": {"path":"F:\\gitkirillfilonchuk\\nodejs-homework-rest-api\\controllers\\contacts\\updateFavorite.js","statementMap":{"0":{"start":{"line":1,"column":20},"end":{"line":1,"column":51}},"1":{"start":{"line":2,"column":22},"end":{"line":2,"column":46}},"2":{"start":{"line":4,"column":23},"end":{"line":13,"column":1}},"3":{"start":{"line":5,"column":24},"end":{"line":5,"column":34}},"4":{"start":{"line":6,"column":17},"end":{"line":8,"column":4}},"5":{"start":{"line":9,"column":2},"end":{"line":11,"column":3}},"6":{"start":{"line":10,"column":4},"end":{"line":10,"column":38}},"7":{"start":{"line":12,"column":2},"end":{"line":12,"column":31}},"8":{"start":{"line":15,"column":0},"end":{"line":15,"column":32}}},"fnMap":{"0":{"name":"(anonymous_0)","decl":{"start":{"line":4,"column":23},"end":{"line":4,"column":24}},"loc":{"start":{"line":4,"column":43},"end":{"line":13,"column":1}},"line":4}},"branchMap":{"0":{"loc":{"start":{"line":9,"column":2},"end":{"line":11,"column":3}},"type":"if","locations":[{"start":{"line":9,"column":2},"end":{"line":11,"column":3}},{"start":{},"end":{}}],"line":9}},"s":{"0":1,"1":1,"2":1,"3":0,"4":0,"5":0,"6":0,"7":0,"8":1},"f":{"0":0},"b":{"0":[0,0]},"_coverageSchema":"1a1c01bbd47fc00a2c39e90264f33305004495a9","hash":"614bcad2183d70f7938777135cd9abc24fddbc76"}
,"F:\\gitkirillfilonchuk\\nodejs-homework-rest-api\\controllers\\users\\getCurrent.js": {"path":"F:\\gitkirillfilonchuk\\nodejs-homework-rest-api\\controllers\\users\\getCurrent.js","statementMap":{"0":{"start":{"line":5,"column":19},"end":{"line":15,"column":1}},"1":{"start":{"line":6,"column":34},"end":{"line":6,"column":42}},"2":{"start":{"line":7,"column":2},"end":{"line":14,"column":5}},"3":{"start":{"line":17,"column":0},"end":{"line":17,"column":28}}},"fnMap":{"0":{"name":"(anonymous_0)","decl":{"start":{"line":5,"column":19},"end":{"line":5,"column":20}},"loc":{"start":{"line":5,"column":39},"end":{"line":15,"column":1}},"line":5}},"branchMap":{},"s":{"0":1,"1":0,"2":0,"3":1},"f":{"0":0},"b":{},"_coverageSchema":"1a1c01bbd47fc00a2c39e90264f33305004495a9","hash":"20fedc435884cadbdd64614b8894761cdecaddf5"}
,"F:\\gitkirillfilonchuk\\nodejs-homework-rest-api\\controllers\\users\\index.js": {"path":"F:\\gitkirillfilonchuk\\nodejs-homework-rest-api\\controllers\\users\\index.js","statementMap":{"0":{"start":{"line":1,"column":19},"end":{"line":1,"column":42}},"1":{"start":{"line":2,"column":27},"end":{"line":2,"column":58}},"2":{"start":{"line":3,"column":21},"end":{"line":3,"column":46}},"3":{"start":{"line":5,"column":0},"end":{"line":5,"column":66}}},"fnMap":{},"branchMap":{},"s":{"0":1,"1":1,"2":1,"3":1},"f":{},"b":{},"_coverageSchema":"1a1c01bbd47fc00a2c39e90264f33305004495a9","hash":"990432c195c4b16f57986bf3332085c8692c84e6"}
,"F:\\gitkirillfilonchuk\\nodejs-homework-rest-api\\controllers\\users\\updateAvatar.js": {"path":"F:\\gitkirillfilonchuk\\nodejs-homework-rest-api\\controllers\\users\\updateAvatar.js","statementMap":{"0":{"start":{"line":1,"column":11},"end":{"line":1,"column":33}},"1":{"start":{"line":2,"column":13},"end":{"line":2,"column":28}},"2":{"start":{"line":3,"column":13},"end":{"line":3,"column":28}},"3":{"start":{"line":5,"column":22},"end":{"line":5,"column":46}},"4":{"start":{"line":6,"column":17},"end":{"line":6,"column":48}},"5":{"start":{"line":8,"column":19},"end":{"line":8,"column":72}},"6":{"start":{"line":9,"column":0},"end":{"line":9,"column":24}},"7":{"start":{"line":11,"column":21},"end":{"line":38,"column":1}},"8":{"start":{"line":13,"column":45},"end":{"line":13,"column":53}},"9":{"start":{"line":14,"column":18},"end":{"line":14,"column":26}},"10":{"start":{"line":15,"column":2},"end":{"line":15,"column":33}},"11":{"start":{"line":16,"column":22},"end":{"line":16,"column":46}},"12":{"start":{"line":17,"column":23},"end":{"line":17,"column":57}},"13":{"start":{"line":19,"column":2},"end":{"line":19,"column":44}},"14":{"start":{"line":20,"column":17},"end":{"line":20,"column":46}},"15":{"start":{"line":21,"column":2},"end":{"line":25,"column":4}},"16":{"start":{"line":26,"column":2},"end":{"line":26,"column":38}},"17":{"start":{"line":27,"column":2},"end":{"line":27,"column":35}},"18":{"start":{"line":29,"column":20},"end":{"line":29,"column":53}},"19":{"start":{"line":30,"column":2},"end":{"line":37,"column":3}},"20":{"start":{"line":31,"column":4},"end":{"line":31,"column":53}},"21":{"start":{"line":32,"column":4},"end":{"line":34,"column":7}},"22":{"start":{"line":36,"column":4},"end":{"line":36,"column":40}},"23":{"start":{"line":40,"column":0},"end":{"line":40,"column":30}}},"fnMap":{"0":{"name":"(anonymous_0)","decl":{"start":{"line":11,"column":21},"end":{"line":11,"column":22}},"loc":{"start":{"line":11,"column":41},"end":{"line":38,"column":1}},"line":11}},"branchMap":{},"s":{"0":1,"1":1,"2":1,"3":1,"4":1,"5":1,"6":1,"7":1,"8":0,"9":0,"10":0,"11":0,"12":0,"13":0,"14":0,"15":0,"16":0,"17":0,"18":0,"19":0,"20":0,"21":0,"22":0,"23":1},"f":{"0":0},"b":{},"_coverageSchema":"1a1c01bbd47fc00a2c39e90264f33305004495a9","hash":"cd5b09c9c68a5acb270c2f40f721f3f2170ef784"}
,"F:\\gitkirillfilonchuk\\nodejs-homework-rest-api\\controllers\\users\\updateSubscription.js": {"path":"F:\\gitkirillfilonchuk\\nodejs-homework-rest-api\\controllers\\users\\updateSubscription.js","statementMap":{"0":{"start":{"line":1,"column":17},"end":{"line":1,"column":45}},"1":{"start":{"line":2,"column":22},"end":{"line":2,"column":46}},"2":{"start":{"line":4,"column":27},"end":{"line":30,"column":1}},"3":{"start":{"line":5,"column":18},"end":{"line":5,"column":26}},"4":{"start":{"line":6,"column":27},"end":{"line":6,"column":35}},"5":{"start":{"line":7,"column":2},"end":{"line":7,"column":53}},"6":{"start":{"line":8,"column":17},"end":{"line":14,"column":3}},"7":{"start":{"line":15,"column":2},"end":{"line":17,"column":3}},"8":{"start":{"line":16,"column":4},"end":{"line":16,"column":38}},"9":{"start":{"line":20,"column":2},"end":{"line":29,"column":5}},"10":{"start":{"line":32,"column":0},"end":{"line":32,"column":36}}},"fnMap":{"0":{"name":"(anonymous_0)","decl":{"start":{"line":4,"column":27},"end":{"line":4,"column":28}},"loc":{"start":{"line":4,"column":47},"end":{"line":30,"column":1}},"line":4}},"branchMap":{"0":{"loc":{"start":{"line":15,"column":2},"end":{"line":17,"column":3}},"type":"if","locations":[{"start":{"line":15,"column":2},"end":{"line":17,"column":3}},{"start":{},"end":{}}],"line":15}},"s":{"0":1,"1":1,"2":1,"3":0,"4":0,"5":0,"6":0,"7":0,"8":0,"9":0,"10":1},"f":{"0":0},"b":{"0":[0,0]},"_coverageSchema":"1a1c01bbd47fc00a2c39e90264f33305004495a9","hash":"72c4ac99f8095a6b5ad3f8c188cf57ee91186853"}
,"F:\\gitkirillfilonchuk\\nodejs-homework-rest-api\\helpers\\HttpError.js": {"path":"F:\\gitkirillfilonchuk\\nodejs-homework-rest-api\\helpers\\HttpError.js","statementMap":{"0":{"start":{"line":1,"column":16},"end":{"line":7,"column":1}},"1":{"start":{"line":9,"column":18},"end":{"line":13,"column":1}},"2":{"start":{"line":10,"column":16},"end":{"line":10,"column":34}},"3":{"start":{"line":11,"column":2},"end":{"line":11,"column":24}},"4":{"start":{"line":12,"column":2},"end":{"line":12,"column":15}},"5":{"start":{"line":15,"column":0},"end":{"line":15,"column":27}}},"fnMap":{"0":{"name":"(anonymous_0)","decl":{"start":{"line":9,"column":18},"end":{"line":9,"column":19}},"loc":{"start":{"line":9,"column":57},"end":{"line":13,"column":1}},"line":9}},"branchMap":{"0":{"loc":{"start":{"line":9,"column":27},"end":{"line":9,"column":52}},"type":"default-arg","locations":[{"start":{"line":9,"column":37},"end":{"line":9,"column":52}}],"line":9}},"s":{"0":1,"1":1,"2":0,"3":0,"4":0,"5":1},"f":{"0":0},"b":{"0":[0]},"_coverageSchema":"1a1c01bbd47fc00a2c39e90264f33305004495a9","hash":"a533587f7db6df14b41fe38ad15a2e712399a4ab"}
,"F:\\gitkirillfilonchuk\\nodejs-homework-rest-api\\helpers\\ctrlWrapper.js": {"path":"F:\\gitkirillfilonchuk\\nodejs-homework-rest-api\\helpers\\ctrlWrapper.js","statementMap":{"0":{"start":{"line":1,"column":19},"end":{"line":10,"column":1}},"1":{"start":{"line":2,"column":15},"end":{"line":8,"column":3}},"2":{"start":{"line":3,"column":4},"end":{"line":7,"column":5}},"3":{"start":{"line":4,"column":6},"end":{"line":4,"column":33}},"4":{"start":{"line":6,"column":6},"end":{"line":6,"column":18}},"5":{"start":{"line":9,"column":2},"end":{"line":9,"column":14}},"6":{"start":{"line":12,"column":0},"end":{"line":12,"column":28}}},"fnMap":{"0":{"name":"(anonymous_0)","decl":{"start":{"line":1,"column":19},"end":{"line":1,"column":20}},"loc":{"start":{"line":1,"column":29},"end":{"line":10,"column":1}},"line":1},"1":{"name":"(anonymous_1)","decl":{"start":{"line":2,"column":15},"end":{"line":2,"column":16}},"loc":{"start":{"line":2,"column":41},"end":{"line":8,"column":3}},"line":2}},"branchMap":{},"s":{"0":1,"1":12,"2":2,"3":2,"4":0,"5":12,"6":1},"f":{"0":12,"1":2},"b":{},"_coverageSchema":"1a1c01bbd47fc00a2c39e90264f33305004495a9","hash":"5a9d0d6145b5942a53da982438273d21432317d6"}
,"F:\\gitkirillfilonchuk\\nodejs-homework-rest-api\\helpers\\handleMongooseError.js": {"path":"F:\\gitkirillfilonchuk\\nodejs-homework-rest-api\\helpers\\handleMongooseError.js","statementMap":{"0":{"start":{"line":1,"column":28},"end":{"line":6,"column":1}},"1":{"start":{"line":2,"column":25},"end":{"line":2,"column":30}},"2":{"start":{"line":3,"column":2},"end":{"line":3,"column":75}},"3":{"start":{"line":4,"column":2},"end":{"line":4,"column":44}},"4":{"start":{"line":5,"column":2},"end":{"line":5,"column":9}},"5":{"start":{"line":8,"column":0},"end":{"line":8,"column":37}}},"fnMap":{"0":{"name":"(anonymous_0)","decl":{"start":{"line":1,"column":28},"end":{"line":1,"column":29}},"loc":{"start":{"line":1,"column":51},"end":{"line":6,"column":1}},"line":1}},"branchMap":{"0":{"loc":{"start":{"line":3,"column":17},"end":{"line":3,"column":74}},"type":"cond-expr","locations":[{"start":{"line":3,"column":65},"end":{"line":3,"column":68}},{"start":{"line":3,"column":71},"end":{"line":3,"column":74}}],"line":3},"1":{"loc":{"start":{"line":3,"column":17},"end":{"line":3,"column":62}},"type":"binary-expr","locations":[{"start":{"line":3,"column":17},"end":{"line":3,"column":44}},{"start":{"line":3,"column":48},"end":{"line":3,"column":62}}],"line":3}},"s":{"0":1,"1":0,"2":0,"3":0,"4":0,"5":1},"f":{"0":0},"b":{"0":[0,0],"1":[0,0]},"_coverageSchema":"1a1c01bbd47fc00a2c39e90264f33305004495a9","hash":"0b4daf0ba4491e24f211fe2cef76d1244b89e220"}
,"F:\\gitkirillfilonchuk\\nodejs-homework-rest-api\\helpers\\index.js": {"path":"F:\\gitkirillfilonchuk\\nodejs-homework-rest-api\\helpers\\index.js","statementMap":{"0":{"start":{"line":1,"column":20},"end":{"line":1,"column":47}},"1":{"start":{"line":2,"column":18},"end":{"line":2,"column":43}},"2":{"start":{"line":3,"column":28},"end":{"line":3,"column":63}},"3":{"start":{"line":5,"column":0},"end":{"line":9,"column":2}}},"fnMap":{},"branchMap":{},"s":{"0":1,"1":1,"2":1,"3":1},"f":{},"b":{},"_coverageSchema":"1a1c01bbd47fc00a2c39e90264f33305004495a9","hash":"be8325f98fc66d35d0c91527bf6b38db94f5d10c"}
,"F:\\gitkirillfilonchuk\\nodejs-homework-rest-api\\middlewares\\authenticate.js": {"path":"F:\\gitkirillfilonchuk\\nodejs-homework-rest-api\\middlewares\\authenticate.js","statementMap":{"0":{"start":{"line":13,"column":12},"end":{"line":13,"column":35}},"1":{"start":{"line":14,"column":23},"end":{"line":14,"column":34}},"2":{"start":{"line":15,"column":17},"end":{"line":15,"column":42}},"3":{"start":{"line":16,"column":22},"end":{"line":16,"column":43}},"4":{"start":{"line":18,"column":21},"end":{"line":45,"column":1}},"5":{"start":{"line":19,"column":33},"end":{"line":19,"column":44}},"6":{"start":{"line":21,"column":26},"end":{"line":21,"column":50}},"7":{"start":{"line":22,"column":2},"end":{"line":44,"column":3}},"8":{"start":{"line":23,"column":4},"end":{"line":25,"column":5}},"9":{"start":{"line":24,"column":6},"end":{"line":24,"column":59}},"10":{"start":{"line":26,"column":19},"end":{"line":26,"column":48}},"11":{"start":{"line":27,"column":17},"end":{"line":27,"column":40}},"12":{"start":{"line":29,"column":4},"end":{"line":31,"column":5}},"13":{"start":{"line":30,"column":6},"end":{"line":30,"column":59}},"14":{"start":{"line":33,"column":4},"end":{"line":36,"column":5}},"15":{"start":{"line":35,"column":6},"end":{"line":35,"column":59}},"16":{"start":{"line":37,"column":4},"end":{"line":37,"column":20}},"17":{"start":{"line":38,"column":4},"end":{"line":38,"column":11}},"18":{"start":{"line":40,"column":4},"end":{"line":42,"column":5}},"19":{"start":{"line":41,"column":6},"end":{"line":41,"column":25}},"20":{"start":{"line":43,"column":4},"end":{"line":43,"column":16}},"21":{"start":{"line":47,"column":0},"end":{"line":47,"column":30}}},"fnMap":{"0":{"name":"(anonymous_0)","decl":{"start":{"line":18,"column":21},"end":{"line":18,"column":22}},"loc":{"start":{"line":18,"column":47},"end":{"line":45,"column":1}},"line":18}},"branchMap":{"0":{"loc":{"start":{"line":19,"column":10},"end":{"line":19,"column":28}},"type":"default-arg","locations":[{"start":{"line":19,"column":26},"end":{"line":19,"column":28}}],"line":19},"1":{"loc":{"start":{"line":23,"column":4},"end":{"line":25,"column":5}},"type":"if","locations":[{"start":{"line":23,"column":4},"end":{"line":25,"column":5}},{"start":{},"end":{}}],"line":23},"2":{"loc":{"start":{"line":29,"column":4},"end":{"line":31,"column":5}},"type":"if","locations":[{"start":{"line":29,"column":4},"end":{"line":31,"column":5}},{"start":{},"end":{}}],"line":29},"3":{"loc":{"start":{"line":33,"column":4},"end":{"line":36,"column":5}},"type":"if","locations":[{"start":{"line":33,"column":4},"end":{"line":36,"column":5}},{"start":{},"end":{}}],"line":33},"4":{"loc":{"start":{"line":33,"column":8},"end":{"line":33,"column":28}},"type":"binary-expr","locations":[{"start":{"line":33,"column":8},"end":{"line":33,"column":13}},{"start":{"line":33,"column":17},"end":{"line":33,"column":28}}],"line":33},"5":{"loc":{"start":{"line":40,"column":4},"end":{"line":42,"column":5}},"type":"if","locations":[{"start":{"line":40,"column":4},"end":{"line":42,"column":5}},{"start":{},"end":{}}],"line":40}},"s":{"0":1,"1":1,"2":1,"3":1,"4":1,"5":0,"6":0,"7":0,"8":0,"9":0,"10":0,"11":0,"12":0,"13":0,"14":0,"15":0,"16":0,"17":0,"18":0,"19":0,"20":0,"21":1},"f":{"0":0},"b":{"0":[0],"1":[0,0],"2":[0,0],"3":[0,0],"4":[0,0],"5":[0,0]},"_coverageSchema":"1a1c01bbd47fc00a2c39e90264f33305004495a9","hash":"9576a69d04a9eb737f3d41248d87686c36142bcb"}
,"F:\\gitkirillfilonchuk\\nodejs-homework-rest-api\\middlewares\\index.js": {"path":"F:\\gitkirillfilonchuk\\nodejs-homework-rest-api\\middlewares\\index.js","statementMap":{"0":{"start":{"line":1,"column":21},"end":{"line":1,"column":46}},"1":{"start":{"line":2,"column":18},"end":{"line":2,"column":40}},"2":{"start":{"line":3,"column":16},"end":{"line":3,"column":36}},"3":{"start":{"line":4,"column":21},"end":{"line":4,"column":46}},"4":{"start":{"line":5,"column":15},"end":{"line":5,"column":34}},"5":{"start":{"line":6,"column":21},"end":{"line":6,"column":46}},"6":{"start":{"line":8,"column":0},"end":{"line":15,"column":2}}},"fnMap":{},"branchMap":{},"s":{"0":1,"1":1,"2":1,"3":1,"4":1,"5":1,"6":1},"f":{},"b":{},"_coverageSchema":"1a1c01bbd47fc00a2c39e90264f33305004495a9","hash":"b7351aa2a1f6edf11a6454db082ff0dc5fd74755"}
,"F:\\gitkirillfilonchuk\\nodejs-homework-rest-api\\middlewares\\isEmpty.js": {"path":"F:\\gitkirillfilonchuk\\nodejs-homework-rest-api\\middlewares\\isEmpty.js","statementMap":{"0":{"start":{"line":1,"column":22},"end":{"line":1,"column":43}},"1":{"start":{"line":3,"column":16},"end":{"line":9,"column":1}},"2":{"start":{"line":5,"column":2},"end":{"line":7,"column":3}},"3":{"start":{"line":6,"column":4},"end":{"line":6,"column":51}},"4":{"start":{"line":8,"column":2},"end":{"line":8,"column":9}},"5":{"start":{"line":11,"column":0},"end":{"line":11,"column":25}}},"fnMap":{"0":{"name":"(anonymous_0)","decl":{"start":{"line":3,"column":16},"end":{"line":3,"column":17}},"loc":{"start":{"line":3,"column":36},"end":{"line":9,"column":1}},"line":3}},"branchMap":{"0":{"loc":{"start":{"line":5,"column":2},"end":{"line":7,"column":3}},"type":"if","locations":[{"start":{"line":5,"column":2},"end":{"line":7,"column":3}},{"start":{},"end":{}}],"line":5}},"s":{"0":1,"1":1,"2":0,"3":0,"4":0,"5":1},"f":{"0":0},"b":{"0":[0,0]},"_coverageSchema":"1a1c01bbd47fc00a2c39e90264f33305004495a9","hash":"854a877e1522e31e4ed0d2c0939a1811029df95a"}
,"F:\\gitkirillfilonchuk\\nodejs-homework-rest-api\\middlewares\\isValidId.js": {"path":"F:\\gitkirillfilonchuk\\nodejs-homework-rest-api\\middlewares\\isValidId.js","statementMap":{"0":{"start":{"line":1,"column":28},"end":{"line":1,"column":47}},"1":{"start":{"line":2,"column":22},"end":{"line":2,"column":43}},"2":{"start":{"line":4,"column":18},"end":{"line":10,"column":1}},"3":{"start":{"line":5,"column":24},"end":{"line":5,"column":34}},"4":{"start":{"line":6,"column":2},"end":{"line":8,"column":3}},"5":{"start":{"line":7,"column":4},"end":{"line":7,"column":39}},"6":{"start":{"line":9,"column":2},"end":{"line":9,"column":9}},"7":{"start":{"line":12,"column":0},"end":{"line":12,"column":27}}},"fnMap":{"0":{"name":"(anonymous_0)","decl":{"start":{"line":4,"column":18},"end":{"line":4,"column":19}},"loc":{"start":{"line":4,"column":38},"end":{"line":10,"column":1}},"line":4}},"branchMap":{"0":{"loc":{"start":{"line":6,"column":2},"end":{"line":8,"column":3}},"type":"if","locations":[{"start":{"line":6,"column":2},"end":{"line":8,"column":3}},{"start":{},"end":{}}],"line":6}},"s":{"0":1,"1":1,"2":1,"3":0,"4":0,"5":0,"6":0,"7":1},"f":{"0":0},"b":{"0":[0,0]},"_coverageSchema":"1a1c01bbd47fc00a2c39e90264f33305004495a9","hash":"5a2bb91a81b7f17745e4cefb4519193da9487136"}
,"F:\\gitkirillfilonchuk\\nodejs-homework-rest-api\\middlewares\\resizeAvatar.js": {"path":"F:\\gitkirillfilonchuk\\nodejs-homework-rest-api\\middlewares\\resizeAvatar.js","statementMap":{"0":{"start":{"line":2,"column":13},"end":{"line":2,"column":28}},"1":{"start":{"line":3,"column":13},"end":{"line":3,"column":28}},"2":{"start":{"line":4,"column":0},"end":{"line":4,"column":27}},"3":{"start":{"line":5,"column":22},"end":{"line":5,"column":43}},"4":{"start":{"line":6,"column":26},"end":{"line":6,"column":58}},"5":{"start":{"line":8,"column":0},"end":{"line":8,"column":43}},"6":{"start":{"line":10,"column":21},"end":{"line":31,"column":1}},"7":{"start":{"line":11,"column":45},"end":{"line":11,"column":53}},"8":{"start":{"line":12,"column":2},"end":{"line":12,"column":55}},"9":{"start":{"line":13,"column":23},"end":{"line":13,"column":65}},"10":{"start":{"line":14,"column":2},"end":{"line":14,"column":50}},"11":{"start":{"line":15,"column":2},"end":{"line":30,"column":3}},"12":{"start":{"line":16,"column":19},"end":{"line":16,"column":48}},"13":{"start":{"line":17,"column":4},"end":{"line":17,"column":34}},"14":{"start":{"line":19,"column":4},"end":{"line":19,"column":55}},"15":{"start":{"line":21,"column":4},"end":{"line":21,"column":11}},"16":{"start":{"line":29,"column":4},"end":{"line":29,"column":40}},"17":{"start":{"line":33,"column":0},"end":{"line":33,"column":30}}},"fnMap":{"0":{"name":"(anonymous_0)","decl":{"start":{"line":10,"column":21},"end":{"line":10,"column":22}},"loc":{"start":{"line":10,"column":47},"end":{"line":31,"column":1}},"line":10}},"branchMap":{},"s":{"0":1,"1":1,"2":1,"3":1,"4":1,"5":1,"6":1,"7":0,"8":0,"9":0,"10":0,"11":0,"12":0,"13":0,"14":0,"15":0,"16":0,"17":1},"f":{"0":0},"b":{},"_coverageSchema":"1a1c01bbd47fc00a2c39e90264f33305004495a9","hash":"aa812145b3def73cd3c097db753228d544d792f2"}
,"F:\\gitkirillfilonchuk\\nodejs-homework-rest-api\\middlewares\\upload.js": {"path":"F:\\gitkirillfilonchuk\\nodejs-homework-rest-api\\middlewares\\upload.js","statementMap":{"0":{"start":{"line":1,"column":15},"end":{"line":1,"column":32}},"1":{"start":{"line":2,"column":13},"end":{"line":2,"column":28}},"2":{"start":{"line":4,"column":16},"end":{"line":4,"column":50}},"3":{"start":{"line":6,"column":21},"end":{"line":13,"column":2}},"4":{"start":{"line":8,"column":4},"end":{"line":8,"column":22}},"5":{"start":{"line":11,"column":4},"end":{"line":11,"column":32}},"6":{"start":{"line":15,"column":15},"end":{"line":18,"column":2}},"7":{"start":{"line":20,"column":0},"end":{"line":20,"column":24}}},"fnMap":{"0":{"name":"(anonymous_0)","decl":{"start":{"line":7,"column":15},"end":{"line":7,"column":16}},"loc":{"start":{"line":7,"column":34},"end":{"line":9,"column":3}},"line":7},"1":{"name":"(anonymous_1)","decl":{"start":{"line":10,"column":12},"end":{"line":10,"column":13}},"loc":{"start":{"line":10,"column":31},"end":{"line":12,"column":3}},"line":10}},"branchMap":{},"s":{"0":1,"1":1,"2":1,"3":1,"4":0,"5":0,"6":1,"7":1},"f":{"0":0,"1":0},"b":{},"_coverageSchema":"1a1c01bbd47fc00a2c39e90264f33305004495a9","hash":"1c71b70911bbf06953147997e8aac7df04b30a8e"}
,"F:\\gitkirillfilonchuk\\nodejs-homework-rest-api\\middlewares\\validateBody.js": {"path":"F:\\gitkirillfilonchuk\\nodejs-homework-rest-api\\middlewares\\validateBody.js","statementMap":{"0":{"start":{"line":1,"column":22},"end":{"line":1,"column":43}},"1":{"start":{"line":3,"column":21},"end":{"line":12,"column":1}},"2":{"start":{"line":4,"column":15},"end":{"line":10,"column":3}},"3":{"start":{"line":5,"column":22},"end":{"line":5,"column":47}},"4":{"start":{"line":6,"column":4},"end":{"line":8,"column":5}},"5":{"start":{"line":7,"column":6},"end":{"line":7,"column":42}},"6":{"start":{"line":9,"column":4},"end":{"line":9,"column":11}},"7":{"start":{"line":11,"column":2},"end":{"line":11,"column":14}},"8":{"start":{"line":14,"column":0},"end":{"line":14,"column":30}}},"fnMap":{"0":{"name":"(anonymous_0)","decl":{"start":{"line":3,"column":21},"end":{"line":3,"column":22}},"loc":{"start":{"line":3,"column":33},"end":{"line":12,"column":1}},"line":3},"1":{"name":"(anonymous_1)","decl":{"start":{"line":4,"column":15},"end":{"line":4,"column":16}},"loc":{"start":{"line":4,"column":35},"end":{"line":10,"column":3}},"line":4}},"branchMap":{"0":{"loc":{"start":{"line":6,"column":4},"end":{"line":8,"column":5}},"type":"if","locations":[{"start":{"line":6,"column":4},"end":{"line":8,"column":5}},{"start":{},"end":{}}],"line":6}},"s":{"0":1,"1":1,"2":5,"3":2,"4":2,"5":0,"6":2,"7":5,"8":1},"f":{"0":5,"1":2},"b":{"0":[0,2]},"_coverageSchema":"1a1c01bbd47fc00a2c39e90264f33305004495a9","hash":"2e58765276f5b3f01992335a796831af3e8ff38c"}
,"F:\\gitkirillfilonchuk\\nodejs-homework-rest-api\\models\\contact.js": {"path":"F:\\gitkirillfilonchuk\\nodejs-homework-rest-api\\models\\contact.js","statementMap":{"0":{"start":{"line":1,"column":26},"end":{"line":1,"column":45}},"1":{"start":{"line":2,"column":32},"end":{"line":2,"column":53}},"2":{"start":{"line":3,"column":12},"end":{"line":3,"column":26}},"3":{"start":{"line":5,"column":22},"end":{"line":31,"column":1}},"4":{"start":{"line":33,"column":18},"end":{"line":38,"column":2}},"5":{"start":{"line":40,"column":29},"end":{"line":42,"column":2}},"6":{"start":{"line":44,"column":16},"end":{"line":47,"column":1}},"7":{"start":{"line":49,"column":0},"end":{"line":49,"column":48}},"8":{"start":{"line":51,"column":16},"end":{"line":51,"column":47}},"9":{"start":{"line":53,"column":0},"end":{"line":56,"column":2}}},"fnMap":{},"branchMap":{},"s":{"0":1,"1":1,"2":1,"3":1,"4":1,"5":1,"6":1,"7":1,"8":1,"9":1},"f":{},"b":{},"_coverageSchema":"1a1c01bbd47fc00a2c39e90264f33305004495a9","hash":"3c86e828d8a8b10b67911e224a118f10051a5405"}
,"F:\\gitkirillfilonchuk\\nodejs-homework-rest-api\\models\\user.js": {"path":"F:\\gitkirillfilonchuk\\nodejs-homework-rest-api\\models\\user.js","statementMap":{"0":{"start":{"line":1,"column":26},"end":{"line":1,"column":45}},"1":{"start":{"line":2,"column":12},"end":{"line":2,"column":26}},"2":{"start":{"line":3,"column":15},"end":{"line":3,"column":34}},"3":{"start":{"line":4,"column":32},"end":{"line":4,"column":53}},"4":{"start":{"line":6,"column":19},"end":{"line":35,"column":1}},"5":{"start":{"line":38,"column":0},"end":{"line":40,"column":2}},"6":{"start":{"line":39,"column":2},"end":{"line":39,"column":68}},"7":{"start":{"line":42,"column":0},"end":{"line":44,"column":2}},"8":{"start":{"line":43,"column":2},"end":{"line":43,"column":53}},"9":{"start":{"line":46,"column":26},"end":{"line":50,"column":2}},"10":{"start":{"line":51,"column":23},"end":{"line":54,"column":2}},"11":{"start":{"line":56,"column":36},"end":{"line":58,"column":2}},"12":{"start":{"line":60,"column":0},"end":{"line":60,"column":45}},"13":{"start":{"line":61,"column":13},"end":{"line":61,"column":38}},"14":{"start":{"line":63,"column":0},"end":{"line":68,"column":2}}},"fnMap":{"0":{"name":"(anonymous_0)","decl":{"start":{"line":38,"column":33},"end":{"line":38,"column":34}},"loc":{"start":{"line":38,"column":53},"end":{"line":40,"column":1}},"line":38},"1":{"name":"(anonymous_1)","decl":{"start":{"line":42,"column":37},"end":{"line":42,"column":38}},"loc":{"start":{"line":42,"column":57},"end":{"line":44,"column":1}},"line":42}},"branchMap":{},"s":{"0":1,"1":1,"2":1,"3":1,"4":1,"5":1,"6":1,"7":1,"8":2,"9":1,"10":1,"11":1,"12":1,"13":1,"14":1},"f":{"0":1,"1":2},"b":{},"_coverageSchema":"1a1c01bbd47fc00a2c39e90264f33305004495a9","hash":"b04e26d1aa033c5e3a1eeccb2867d819a8cd3953"}
,"F:\\gitkirillfilonchuk\\nodejs-homework-rest-api\\routes\\api\\contacts.js": {"path":"F:\\gitkirillfilonchuk\\nodejs-homework-rest-api\\routes\\api\\contacts.js","statementMap":{"0":{"start":{"line":1,"column":16},"end":{"line":1,"column":34}},"1":{"start":{"line":2,"column":15},"end":{"line":2,"column":31}},"2":{"start":{"line":3,"column":27},"end":{"line":3,"column":55}},"3":{"start":{"line":4,"column":24},"end":{"line":4,"column":48}},"4":{"start":{"line":10,"column":4},"end":{"line":10,"column":32}},"5":{"start":{"line":11,"column":20},"end":{"line":11,"column":51}},"6":{"start":{"line":13,"column":0},"end":{"line":13,"column":56}},"7":{"start":{"line":15,"column":0},"end":{"line":15,"column":64}},"8":{"start":{"line":17,"column":0},"end":{"line":22,"column":2}},"9":{"start":{"line":24,"column":0},"end":{"line":24,"column":67}},"10":{"start":{"line":26,"column":0},"end":{"line":32,"column":2}},"11":{"start":{"line":34,"column":0},"end":{"line":34,"column":70}},"12":{"start":{"line":36,"column":0},"end":{"line":36,"column":24}}},"fnMap":{},"branchMap":{},"s":{"0":1,"1":1,"2":1,"3":1,"4":1,"5":1,"6":1,"7":1,"8":1,"9":1,"10":1,"11":1,"12":1},"f":{},"b":{},"_coverageSchema":"1a1c01bbd47fc00a2c39e90264f33305004495a9","hash":"b7ba414f0666a8a1adac2e6764e4f17b9503efab"}
,"F:\\gitkirillfilonchuk\\nodejs-homework-rest-api\\routes\\api\\users.js": {"path":"F:\\gitkirillfilonchuk\\nodejs-homework-rest-api\\routes\\api\\users.js","statementMap":{"0":{"start":{"line":1,"column":16},"end":{"line":1,"column":34}},"1":{"start":{"line":2,"column":15},"end":{"line":2,"column":31}},"2":{"start":{"line":3,"column":30},"end":{"line":3,"column":58}},"3":{"start":{"line":8,"column":4},"end":{"line":8,"column":32}},"4":{"start":{"line":10,"column":24},"end":{"line":10,"column":48}},"5":{"start":{"line":16,"column":4},"end":{"line":16,"column":32}},"6":{"start":{"line":18,"column":0},"end":{"line":22,"column":2}},"7":{"start":{"line":24,"column":0},"end":{"line":24,"column":77}},"8":{"start":{"line":26,"column":0},"end":{"line":26,"column":68}},"9":{"start":{"line":27,"column":0},"end":{"line":27,"column":62}},"10":{"start":{"line":28,"column":0},"end":{"line":33,"column":2}},"11":{"start":{"line":38,"column":0},"end":{"line":44,"column":2}},"12":{"start":{"line":46,"column":0},"end":{"line":46,"column":24}}},"fnMap":{},"branchMap":{},"s":{"0":1,"1":1,"2":1,"3":1,"4":1,"5":1,"6":1,"7":1,"8":1,"9":1,"10":1,"11":1,"12":1},"f":{},"b":{},"_coverageSchema":"1a1c01bbd47fc00a2c39e90264f33305004495a9","hash":"f298c3c0abad515b37ed2dbb0044526749edcf3e"}
}
